0 info it worked if it ends with ok
1 verbose cli [ '/usr/bin/node', '/usr/bin/npm', 'run', 'dev' ]
2 info using npm@3.5.2
3 info using node@v8.10.0
4 verbose run-script [ 'predev', 'dev', 'postdev' ]
5 info lifecycle element-starter@~predev: element-starter@
6 silly lifecycle element-starter@~predev: no script for predev, continuing
7 info lifecycle element-starter@~dev: element-starter@
8 verbose lifecycle element-starter@~dev: unsafe-perm in lifecycle true
9 verbose lifecycle element-starter@~dev: PATH: /usr/share/npm/bin/node-gyp-bin:/home/igd/element-starter/node_modules/.bin:/home/igd/.local/bin:/usr/local/sbin:/usr/local/bin:/usr/sbin:/usr/bin:/sbin:/bin:/usr/games:/usr/local/games:/snap/bin
10 verbose lifecycle element-starter@~dev: CWD: /home/igd/element-starter
11 silly lifecycle element-starter@~dev: Args: [ '-c', 'webpack-dev-server --inline --hot --env.dev' ]
12 info lifecycle element-starter@~dev: Failed to exec dev script
13 verbose stack Error: element-starter@ dev: `webpack-dev-server --inline --hot --env.dev`
13 verbose stack spawn ENOENT
13 verbose stack     at ChildProcess.<anonymous> (/usr/share/npm/lib/utils/spawn.js:17:16)
13 verbose stack     at emitTwo (events.js:126:13)
13 verbose stack     at ChildProcess.emit (events.js:214:7)
13 verbose stack     at maybeClose (internal/child_process.js:925:16)
13 verbose stack     at Process.ChildProcess._handle.onexit (internal/child_process.js:209:5)
14 verbose pkgid element-starter@
15 verbose cwd /home/igd/element-starter
16 error Linux 4.15.0-50-generic
17 error argv "/usr/bin/node" "/usr/bin/npm" "run" "dev"
18 error node v8.10.0
19 error npm  v3.5.2
20 error file sh
21 error code ELIFECYCLE
22 error errno ENOENT
23 error syscall spawn
24 error element-starter@ dev: `webpack-dev-server --inline --hot --env.dev`
24 error spawn ENOENT
25 error Failed at the element-starter@ dev script 'webpack-dev-server --inline --hot --env.dev'.
25 error Make sure you have the latest version of node.js and npm installed.
25 error If you do, this is most likely a problem with the element-starter package,
25 error not with npm itself.
25 error Tell the author that this fails on your system:
25 error     webpack-dev-server --inline --hot --env.dev
25 error You can get information on how to open an issue for this project with:
25 error     npm bugs element-starter
25 error Or if that isn't available, you can get their info via:
25 error     npm owner ls element-starter
25 error There is likely additional logging output above.
26 verbose exit [ 1, true ]
